#Build log:

File /opt/Development/workspace/Spin-Suite-Server/migration/postgresql/001Add_EntityType_SFAndroid_Spin_postgresql.sql status 0
File /opt/Development/workspace/Spin-Suite-Server/migration/postgresql/002AddReferenceListAndTable.sql status 0
File /opt/Development/workspace/Spin-Suite-Server/migration/postgresql/003AddElements.sql status 0
File /opt/Development/workspace/Spin-Suite-Server/migration/postgresql/004AddValidationRule.sql status 0
File /opt/Development/workspace/Spin-Suite-Server/migration/postgresql/005AddMessage.sql status 0
File /opt/Development/workspace/Spin-Suite-Server/migration/postgresql/006UpdateElements.sql status 0
File /opt/Development/workspace/Spin-Suite-Server/migration/postgresql/007AddProcess.sql status 0
File /opt/Development/workspace/Spin-Suite-Server/migration/postgresql/008AddTableSFA_SyncColumn.sql status 0
File /opt/Development/workspace/Spin-Suite-Server/migration/postgresql/009AddTableSFA_SyncColumn_Trl.sql status 0
File /opt/Development/workspace/Spin-Suite-Server/migration/postgresql/010AddTableSFA_SyncMenu.sql status 0
File /opt/Development/workspace/Spin-Suite-Server/migration/postgresql/011AddTableSFA_SyncMenu_Trl.sql status 0
File /opt/Development/workspace/Spin-Suite-Server/migration/postgresql/012AddTableSF_SyncTable.sql status 0
File /opt/Development/workspace/Spin-Suite-Server/migration/postgresql/013AddTableSFA_SyncTable_Trl.sql status 0
File /opt/Development/workspace/Spin-Suite-Server/migration/postgresql/014AddTableSFA_UserDocSequence.sql status 0
File /opt/Development/workspace/Spin-Suite-Server/migration/postgresql/015AddWindow_DocumentSequencebySalesRepresentative.sql status 0
File /opt/Development/workspace/Spin-Suite-Server/migration/postgresql/016AddWindow_MenuMobile.sql status 0
File /opt/Development/workspace/Spin-Suite-Server/migration/postgresql/017AddWindow_SynchronizationTable.sql status 0
File /opt/Development/workspace/Spin-Suite-Server/migration/postgresql/018AddWindow_SynchronizingMenu.sql status 0
File /opt/Development/workspace/Spin-Suite-Server/migration/postgresql/019UpdateTablesAddWindow.sql status 0
File /opt/Development/workspace/Spin-Suite-Server/migration/postgresql/020AddMenu.sql status 0
File /opt/Development/workspace/Spin-Suite-Server/migration/postgresql/021UpdateReferencVal.sql status 0
File /opt/Development/workspace/Spin-Suite-Server/migration/postgresql/022UpdateTableSFA_UserDocSequence.sql status 0
File /opt/Development/workspace/Spin-Suite-Server/migration/postgresql/023UpdateProject.sql status 0
File /opt/Development/workspace/Spin-Suite-Server/migration/postgresql/024RoutingUpdateTheCallout.sql status 0
File /opt/Development/workspace/Spin-Suite-Server/migration/postgresql/025ColumnsIndicateLinkToParentTableAndReadOnlyLogic.sql status 0
File /opt/Development/workspace/Spin-Suite-Server/migration/postgresql/026UpdateWindowSyncMenu.sql status 0
File /opt/Development/workspace/Spin-Suite-Server/migration/postgresql/027AddTableSFA_MenuAndSFA_Menu_Trl.sql status 0
File /opt/Development/workspace/Spin-Suite-Server/migration/postgresql/028AddWindowMenuMobile.sql status 0
File /opt/Development/workspace/Spin-Suite-Server/migration/postgresql/029_Add_Tree_As_System_postgresql.sql status 0
File /opt/Development/workspace/Spin-Suite-Server/migration/postgresql/030AddColumnIsCentrallyMaintenedIntoTableSFA_SyncTable.sql status 0
File /opt/Development/workspace/Spin-Suite-Server/migration/postgresql/031_Change_Translation_postgresql.sql status 0
File /opt/Development/workspace/Spin-Suite-Server/migration/postgresql/032AddColumnIsCentrallyMaintenedIntoTableSFA_SyncColumn.sql status 0
File /opt/Development/workspace/Spin-Suite-Server/migration/postgresql/033_Change_Field_Doc_postgresql.sql status 0
File /opt/Development/workspace/Spin-Suite-Server/migration/postgresql/034AddColumnIsCentrallyMaintenedIntoTableSFA_Menu.sql status 0
File /opt/Development/workspace/Spin-Suite-Server/migration/postgresql/035UpdateWindows_Menu_SyncTable.sql status 0
File /opt/Development/workspace/Spin-Suite-Server/migration/postgresql/036AddTranslationsInMobile.sql status 0
File /opt/Development/workspace/Spin-Suite-Server/migration/postgresql/037AddColumnsAddTransltaionInMobileIntoSFA_Menu.sql status 0
File /opt/Development/workspace/Spin-Suite-Server/migration/postgresql/038AddMenuTranslationsInMobile.sql status 0
File /opt/Development/workspace/Spin-Suite-Server/migration/postgresql/039Add_Summary_Menu_postgresql.sql status 0
File /opt/Development/workspace/Spin-Suite-Server/migration/postgresql/040Add_Column_To_Menu_postgresql.sql status 0
File /opt/Development/workspace/Spin-Suite-Server/migration/postgresql/041UpdateModel.sql status 0
File /opt/Development/workspace/Spin-Suite-Server/migration/postgresql/042UpdateReferenceSet_es_VE.sql status 0
File /opt/Development/workspace/Spin-Suite-Server/migration/postgresql/043UpdateWindowSyncColumn.sql status 0
File /opt/Development/workspace/Spin-Suite-Server/migration/postgresql/044DeleteProcessSynchronizationMobile.sql status 0
File /opt/Development/workspace/Spin-Suite-Server/migration/postgresql/045UpdateTablesSFA_SyncMenuAndSFA_Menu.sql status 0
File /opt/Development/workspace/Spin-Suite-Server/migration/postgresql/046AddColumnEntityType.sql status 0
File /opt/Development/workspace/Spin-Suite-Server/migration/postgresql/047AddColumnMinValueMaxValueVFormatFormatPattern.sql status 0
File /opt/Development/workspace/Spin-Suite-Server/migration/postgresql/048AddSFA_SyncTableIntoTableSFA_SyncMenu.sql status 0
File /opt/Development/workspace/Spin-Suite-Server/migration/postgresql/049AlterTableSFA_SyncMenu.sql status 0
File /opt/Development/workspace/Spin-Suite-Server/migration/postgresql/050AddColumnWS_WebService_IDIntoTableSFA_SyncMenu.sql status 0
File /opt/Development/workspace/Spin-Suite-Server/migration/postgresql/051AddWindow_WindowMobile.sql status 0
File /opt/Development/workspace/Spin-Suite-Server/migration/postgresql/052UpdateTablesAndWindow.sql status 0
File /opt/Development/workspace/Spin-Suite-Server/migration/postgresql/053UpdateWindowMobile.sql status 0
File /opt/Development/workspace/Spin-Suite-Server/migration/postgresql/054UpdateWindow_WindowMobile.sql status 0
File /opt/Development/workspace/Spin-Suite-Server/migration/postgresql/055Change_Name_SFA_Table_Column_postgresql.sql status 0
File /opt/Development/workspace/Spin-Suite-Server/migration/postgresql/055UpdateProcessName.sql status 0
File /opt/Development/workspace/Spin-Suite-Server/migration/postgresql/056UpdateSFAField.sql status 0
File /opt/Development/workspace/Spin-Suite-Server/migration/postgresql/057AddColumnsIntoSFATable.sql status 0
File /opt/Development/workspace/Spin-Suite-Server/migration/postgresql/058AddColumnsInTableSFA_Field.sql status 0
File /opt/Development/workspace/Spin-Suite-Server/migration/postgresql/059AddColumnsIntoTableSFA_Tab.sql status 0
File /opt/Development/workspace/Spin-Suite-Server/migration/postgresql/060UpdateWindowMenuMobile.sql status 0
File /opt/Development/workspace/Spin-Suite-Server/migration/postgresql/061UpdateMenuAddReferenceWebServicesInAction.sql status 0
File /opt/Development/workspace/Spin-Suite-Server/migration/postgresql/062Add_IsDefinedForMobile_Column_postgresql.sql status 0
File /opt/Development/workspace/Spin-Suite-Server/migration/postgresql/063Add_ReportWindows_postgresql.sql status 0
File /opt/Development/workspace/Spin-Suite-Server/migration/postgresql/064Add_Form_Mobile_postgresql.sql status 0
File /opt/Development/workspace/Spin-Suite-Server/migration/postgresql/065Add_ProcessColumn_postgresql.sql status 0
File /opt/Development/workspace/Spin-Suite-Server/migration/postgresql/066ChangeModelPackage_postgresql.sql status 0
File /opt/Development/workspace/Spin-Suite-Server/migration/postgresql/067ChangeCallout_postgresql.sql status 0
File /opt/Development/workspace/Spin-Suite-Server/migration/postgresql/068ChangeClassProcess_postgresql.sql status 0
File /opt/Development/workspace/Spin-Suite-Server/migration/postgresql/069AddCalloutElement.sql status 0
File /opt/Development/workspace/Spin-Suite-Server/migration/postgresql/069ChangeValidationOnMenu_postgresql.sql status 0
File /opt/Development/workspace/Spin-Suite-Server/migration/postgresql/070AddProcessCopyMenuItems.sql status 0
File /opt/Development/workspace/Spin-Suite-Server/migration/postgresql/071UpdateTranslation.sql status 0
File /opt/Development/workspace/Spin-Suite-Server/migration/postgresql/072UpdateWindowWebServiceAddColumnsNameSpaceAndUrl.sql status 0
File /opt/Development/workspace/Spin-Suite-Server/migration/postgresql/073UpdateWindowSyncMenu.sql status 0
File /opt/Development/workspace/Spin-Suite-Server/migration/postgresql/074AddColumnSeqNointoWindowWebServiceMethod.sql status 0
File /opt/Development/workspace/Spin-Suite-Server/migration/postgresql/077UpdateWindowMenuSynchronization.sql status 0
File /opt/Development/workspace/Spin-Suite-Server/migration/postgresql/078AddWebServiceMethodtoSPSSyncMenu_postgresql.sql status 0
File /opt/Development/workspace/Spin-Suite-Server/migration/postgresql/079AddProcessChangeConstantValue.sql status 0
File /opt/Development/workspace/Spin-Suite-Server/migration/postgresql/080AddProcessWebServiceGenerate.sql status 0
File /opt/Development/workspace/Spin-Suite-Server/migration/postgresql/081UpdateDisplayType_postgresql.sql status 0
File /opt/Development/workspace/Spin-Suite-Server/migration/postgresql/083AddTabMobileWindowsAccess_postgresql.sql status 0
File /opt/Development/workspace/Spin-Suite-Server/migration/postgresql/084AddFieldsAndDisplayLogictoGenerateWSProcess_postgresql.sql status 0
File /opt/Development/workspace/Spin-Suite-Server/migration/postgresql/084AddLenghtOfColumnScriptInTableAD_Rule.sql status 0
File /opt/Development/workspace/Spin-Suite-Server/migration/postgresql/085AddValueInProcessWebServiceGenerate_postgresql.sql status 0
File /opt/Development/workspace/Spin-Suite-Server/migration/postgresql/086UpdateValidationInSPS_Column.sql status 0
File /opt/Development/workspace/Spin-Suite-Server/migration/postgresql/087UpdateReadOnlyLogicInAD_ElementInTableSPS_Column.sql status 0
File /opt/Development/workspace/Spin-Suite-Server/migration/postgresql/088ChangueColumns_postgresql.sql status 0
File /opt/Development/workspace/Spin-Suite-Server/migration/postgresql/088_AddRecordsPerPageInSystemConfigurator_postgresql.sql status 0
File /opt/Development/workspace/Spin-Suite-Server/migration/postgresql/800AddTablesSFAndroidServer.sql_Postgresql.sql status 0
File /opt/Development/workspace/Spin-Suite-Server/migration/postgresql/801AddAlterTables.sql status 0
File /opt/Development/workspace/Spin-Suite-Server/migration/postgresql/802AddAllConstraint.sql status 0
File /opt/Development/workspace/Spin-Suite-Server/migration/postgresql/803AddIndex.sql status 0
File /opt/Development/workspace/Spin-Suite-Server/migration/postgresql/900PopulateTables_postgresql.sql status 0
File /opt/Development/workspace/Spin-Suite-Server/migration/postgresql/904AddWebServiceAndWebServiceMethod_postgresql.sql status 0
File /opt/Development/workspace/Spin-Suite-Server/migration/postgresql/905UpdateColumnReference_postgresql.sql status 0
File /opt/Development/workspace/Spin-Suite-Server/migration/postgresql/906AddProcess_postgresql.sql status 0
File /opt/Development/workspace/Spin-Suite-Server/migration/postgresql/907AddPopulateTables_postgresql.sql status 0
File /opt/Development/workspace/Spin-Suite-Server/migration/postgresql/908AddPopulateTables_postgresql.sql status 0
File /opt/Development/workspace/Spin-Suite-Server/migration/postgresql/909DropColumns_postgresql.sql status 0
File /opt/Development/workspace/Spin-Suite-Server/migration/postgresql/910AddScriptsOfRuleOfPopulateTables_postgresql.sql status 0
File /opt/Development/workspace/Spin-Suite-Server/migration/postgresql/911AddMenus_postgresql.sql status 0
File /opt/Development/workspace/Spin-Suite-Server/migration/postgresql/912AddMenuCreateMetaData_postgresql.sql status 0
File /opt/Development/workspace/Spin-Suite-Server/migration/postgresql/913AddScriptGeneratedWebService_CreateData_postgresql.sql status 0
File /opt/Development/workspace/Spin-Suite-Server/migration/postgresql/914AddMenuCreateWSD_postgresql.sql status 0
File /opt/Development/workspace/Spin-Suite-Server/migration/postgresql/915AddScriptGeneratedWebService_CreateWSD_postgresql.sql status 0
File /opt/Development/workspace/Spin-Suite-Server/migration/postgresql/916AddMenuCreate_DS_postgresql.sql status 0
File /opt/Development/workspace/Spin-Suite-Server/migration/postgresql/917AddScriptGenerateDS_postgresql.sql status 0
File /opt/Development/workspace/Spin-Suite-Server/migration/postgresql/918AddBussinesPartnerWindow_postgresql.sql status 0
File /opt/Development/workspace/Spin-Suite-Server/migration/postgresql/919AddTab_postgresql.sql status 0
File /opt/Development/workspace/Spin-Suite-Server/migration/postgresql/920AddTabVendor_postgresql.sql status 0
File /opt/Development/workspace/Spin-Suite-Server/migration/postgresql/921AddLocationTab_postgresql.sql status 0
File /opt/Development/workspace/Spin-Suite-Server/migration/postgresql/922AddTabs_postgresql.sql status 0
File /opt/Development/workspace/Spin-Suite-Server/migration/postgresql/923AddWindows_postgresql.sql status 0
